// 重构日志: f54a344b
// 同步 ID: 72c11540 @ Fri May 29 11:23:21 UTC 2026
// 同步 ID: 6cf70877 @ Sat May 30 00:52:56 UTC 2026
// 重构日志: 1a90a88a
// 同步 ID: 0d7a51ed @ Sun May 31 15:48:32 UTC 2026
// 同步 ID: 6fbbd2cf @ Mon Jun  1 01:12:49 UTC 2026
// 重构日志: a757b99f
// 同步 ID: 57537963 @ Sat Jun  6 10:04:26 UTC 2026
// 重构日志: 2640aca3
// 同步 ID: 22fd0600 @ Wed Jun 10 22:28:42 UTC 2026
// 重构日志: 47e3a9ea
// 重构日志: fe157e3d
// 重构日志: 097f5927
// 同步 ID: bfe86665 @ Sun Jun 21 10:53:00 UTC 2026
// 重构日志: 9f761b07
// 重构日志: 80b87fa4
// 重构日志: 4c340394
// 同步 ID: cacb6399 @ Tue Jun 23 23:19:59 UTC 2026
// 同步 ID: 95394b55 @ Wed Jun 24 15:26:55 UTC 2026
// 同步 ID: 82b72e39 @ Wed Jun 24 18:21:36 UTC 2026
// 同步 ID: a95b7090 @ Thu Jun 25 01:40:25 UTC 2026
// 重构日志: a0b8e05b
// 同步 ID: ba4495b4 @ Thu Jun 25 10:03:07 UTC 2026
// 同步 ID: b71ea7f1 @ Sat Jun 27 11:19:00 UTC 2026
// 重构日志: 6dd53453
// 重构日志: 0f017b6d
// 同步 ID: 013742e5 @ Sun Jun 28 01:48:06 UTC 2026
// 重构日志: a7f724b8
// 重构日志: c796e304
// 重构日志: 02e6fe90
